<?xml version="1.0" encoding="UTF-8"?>
<!-- Generated by org.testng.reporters.JUnitXMLReporter -->
<testsuite ignored="0" hostname="Abhisek-mohanta" failures="0" tests="20" name="Test" time="34.247" errors="0" timestamp="2024-03-18T17:14:28 IST">
  <testcase classname="testcases.Facebook_L1_AutomationTest" name="validateFacebookTitleofLoginPage" time="0.07"/>
  <testcase classname="testcases.Facebook_L1_AutomationTest" name="verifyPresenceOfAllFieldsinTheLoginPage" time="0.227"/>
  <testcase classname="testcases.Facebook_L1_AutomationTest" name="validateErrorMessageWithoutProvideAnyCredentials" time="1.999"/>
  <testcase classname="testcases.Facebook_L1_AutomationTest" name="validateErrorMessageWithoutProvidePassword" time="10.838"/>
  <testcase classname="testcases.Facebook_L1_AutomationTest" name="validateErrorMessageWithoutProvideEmailOrPhoneNumber" time="2.552"/>
  <testcase classname="testcases.Facebook_L1_AutomationTest" name="goBackToLogInPageAndValidateCreateNewAccountButtonIsPresentOrNot" time="6.616"/>
  <testcase classname="testcases.Facebook_L1_AutomationTest" name="click_on_forgetten_account_link_then_validate_Email_adddress_Or_phone_number_field" time="1.384"/>
  <testcase classname="testcases.Facebook_L1_AutomationTest" name="verifyAllFieldsArePresentInTheSignUpPage" time="0.228"/>
  <testcase classname="testcases.Facebook_L1_AutomationTest" name="enterFirstNameInFirstNameTextFieldOfTheSignupPage" time="0.128"/>
  <testcase classname="testcases.Facebook_L1_AutomationTest" name="enterValueInSignupPage" time="0.393"/>
  <testcase classname="testcases.Facebook_L1_AutomationTest" name="selectAnyDateFromDateDropdownAndVerifyDateDropdownIsPrsentOrNot" time="0.164"/>
  <testcase classname="testcases.Facebook_L1_AutomationTest" name="selectAnyMonthFromMonthDropdownAndVerifyMonthDropdownIsPrsentOrNot" time="0.146"/>
  <testcase classname="testcases.Facebook_L1_AutomationTest" name="selectAnyYearFromYearDropdownAndVerifyYearDropdownIsPrsentOrNot" time="0.146"/>
  <testcase classname="testcases.Facebook_L1_AutomationTest" name="selectCustomRadioButtonAndVerifyCustomRadioButtonIsPrsentOrNot" time="0.136"/>
  <testcase classname="testcases.Facebook_L1_AutomationTest" name="selectAnyOptionFromYourPronouDropdownAndVerifyYourPronouDropdownIsPrsentOrNot" time="0.134"/>
  <testcase classname="testcases.Facebook_L1_AutomationTest" name="enterValueInGenderOptionalTextFieldAndValidateGenderOptionalTextFieldIsPresentOrNot" time="0.21"/>
  <testcase classname="testcases.Facebook_L1_AutomationTest" name="selectFemaleRadioButtonAndVerifyFemaleRadioButtonIsPrsentOrNot" time="0.118"/>
  <testcase classname="testcases.Facebook_L1_AutomationTest" name="selectMaleRadioButtonAndVerifyFemaleRadioButtonIsPrsentOrNot" time="0.104"/>
  <testcase classname="testcases.Facebook_L1_AutomationTest" name="verifyAllprsenceOfFieldAfterCloseTheSignupPage" time="0.282"/>
  <testcase classname="testcases.Facebook_L1_AutomationTest" name="enterValidEmail_PasswordInTextFieldAndVerifyLoginButtonIsPresentOrNot" time="0.265"/>
</testsuite> <!-- Test -->
