<?xml version="1.0" encoding="UTF-8"?>
<testng-results ignored="0" total="20" passed="20" failed="0" skipped="0">
  <reporter-output>
  </reporter-output>
  <suite started-at="2024-03-19T15:57:01 IST" name="Suite" finished-at="2024-03-19T15:57:51 IST" duration-ms="50191">
    <groups>
      <group name="sanity">
        <method signature="Facebook_L1_AutomationTest.validateFacebookTitleofLoginPage()[pri:1, instance:testcases.Facebook_L1_AutomationTest@7555b920]" name="validateFacebookTitleofLoginPage" class="testcases.Facebook_L1_AutomationTest"/>
        <method signature="Facebook_L1_AutomationTest.verifyPresenceOfAllFieldsinTheLoginPage()[pri:2, instance:testcases.Facebook_L1_AutomationTest@7555b920]" name="verifyPresenceOfAllFieldsinTheLoginPage" class="testcases.Facebook_L1_AutomationTest"/>
        <method signature="Facebook_L1_AutomationTest.validateErrorMessageWithoutProvideAnyCredentials()[pri:3, instance:testcases.Facebook_L1_AutomationTest@7555b920]" name="validateErrorMessageWithoutProvideAnyCredentials" class="testcases.Facebook_L1_AutomationTest"/>
        <method signature="Facebook_L1_AutomationTest.validateErrorMessageWithoutProvidePassword()[pri:4, instance:testcases.Facebook_L1_AutomationTest@7555b920]" name="validateErrorMessageWithoutProvidePassword" class="testcases.Facebook_L1_AutomationTest"/>
        <method signature="Facebook_L1_AutomationTest.validateErrorMessageWithoutProvideEmailOrPhoneNumber()[pri:5, instance:testcases.Facebook_L1_AutomationTest@7555b920]" name="validateErrorMessageWithoutProvideEmailOrPhoneNumber" class="testcases.Facebook_L1_AutomationTest"/>
        <method signature="Facebook_L1_AutomationTest.goBackToLogInPageAndValidateCreateNewAccountButtonIsPresentOrNot()[pri:6, instance:testcases.Facebook_L1_AutomationTest@7555b920]" name="goBackToLogInPageAndValidateCreateNewAccountButtonIsPresentOrNot" class="testcases.Facebook_L1_AutomationTest"/>
        <method signature="Facebook_L1_AutomationTest.click_on_forgetten_account_link_then_validate_Email_adddress_Or_phone_number_field()[pri:7, instance:testcases.Facebook_L1_AutomationTest@7555b920]" name="click_on_forgetten_account_link_then_validate_Email_adddress_Or_phone_number_field" class="testcases.Facebook_L1_AutomationTest"/>
        <method signature="Facebook_L1_AutomationTest.verifyAllFieldsArePresentInTheSignUpPage()[pri:8, instance:testcases.Facebook_L1_AutomationTest@7555b920]" name="verifyAllFieldsArePresentInTheSignUpPage" class="testcases.Facebook_L1_AutomationTest"/>
        <method signature="Facebook_L1_AutomationTest.enterFirstNameInFirstNameTextFieldOfTheSignupPage()[pri:9, instance:testcases.Facebook_L1_AutomationTest@7555b920]" name="enterFirstNameInFirstNameTextFieldOfTheSignupPage" class="testcases.Facebook_L1_AutomationTest"/>
        <method signature="Facebook_L1_AutomationTest.enterValueInSignupPage()[pri:10, instance:testcases.Facebook_L1_AutomationTest@7555b920]" name="enterValueInSignupPage" class="testcases.Facebook_L1_AutomationTest"/>
        <method signature="Facebook_L1_AutomationTest.selectAnyDateFromDateDropdownAndVerifyDateDropdownIsPrsentOrNot()[pri:11, instance:testcases.Facebook_L1_AutomationTest@7555b920]" name="selectAnyDateFromDateDropdownAndVerifyDateDropdownIsPrsentOrNot" class="testcases.Facebook_L1_AutomationTest"/>
        <method signature="Facebook_L1_AutomationTest.selectAnyMonthFromMonthDropdownAndVerifyMonthDropdownIsPrsentOrNot()[pri:12, instance:testcases.Facebook_L1_AutomationTest@7555b920]" name="selectAnyMonthFromMonthDropdownAndVerifyMonthDropdownIsPrsentOrNot" class="testcases.Facebook_L1_AutomationTest"/>
        <method signature="Facebook_L1_AutomationTest.selectAnyYearFromYearDropdownAndVerifyYearDropdownIsPrsentOrNot()[pri:13, instance:testcases.Facebook_L1_AutomationTest@7555b920]" name="selectAnyYearFromYearDropdownAndVerifyYearDropdownIsPrsentOrNot" class="testcases.Facebook_L1_AutomationTest"/>
        <method signature="Facebook_L1_AutomationTest.selectCustomRadioButtonAndVerifyCustomRadioButtonIsPrsentOrNot()[pri:14, instance:testcases.Facebook_L1_AutomationTest@7555b920]" name="selectCustomRadioButtonAndVerifyCustomRadioButtonIsPrsentOrNot" class="testcases.Facebook_L1_AutomationTest"/>
        <method signature="Facebook_L1_AutomationTest.selectAnyOptionFromYourPronouDropdownAndVerifyYourPronouDropdownIsPrsentOrNot()[pri:15, instance:testcases.Facebook_L1_AutomationTest@7555b920]" name="selectAnyOptionFromYourPronouDropdownAndVerifyYourPronouDropdownIsPrsentOrNot" class="testcases.Facebook_L1_AutomationTest"/>
        <method signature="Facebook_L1_AutomationTest.enterValueInGenderOptionalTextFieldAndValidateGenderOptionalTextFieldIsPresentOrNot()[pri:16, instance:testcases.Facebook_L1_AutomationTest@7555b920]" name="enterValueInGenderOptionalTextFieldAndValidateGenderOptionalTextFieldIsPresentOrNot" class="testcases.Facebook_L1_AutomationTest"/>
        <method signature="Facebook_L1_AutomationTest.selectFemaleRadioButtonAndVerifyFemaleRadioButtonIsPrsentOrNot()[pri:17, instance:testcases.Facebook_L1_AutomationTest@7555b920]" name="selectFemaleRadioButtonAndVerifyFemaleRadioButtonIsPrsentOrNot" class="testcases.Facebook_L1_AutomationTest"/>
        <method signature="Facebook_L1_AutomationTest.selectMaleRadioButtonAndVerifyFemaleRadioButtonIsPrsentOrNot()[pri:18, instance:testcases.Facebook_L1_AutomationTest@7555b920]" name="selectMaleRadioButtonAndVerifyFemaleRadioButtonIsPrsentOrNot" class="testcases.Facebook_L1_AutomationTest"/>
        <method signature="Facebook_L1_AutomationTest.verifyAllprsenceOfFieldAfterCloseTheSignupPage()[pri:19, instance:testcases.Facebook_L1_AutomationTest@7555b920]" name="verifyAllprsenceOfFieldAfterCloseTheSignupPage" class="testcases.Facebook_L1_AutomationTest"/>
        <method signature="Facebook_L1_AutomationTest.enterValidEmail_PasswordInTextFieldAndVerifyLoginButtonIsPresentOrNot()[pri:20, instance:testcases.Facebook_L1_AutomationTest@7555b920]" name="enterValidEmail_PasswordInTextFieldAndVerifyLoginButtonIsPresentOrNot" class="testcases.Facebook_L1_AutomationTest"/>
      </group> <!-- sanity -->
    </groups>
    <test started-at="2024-03-19T15:57:01 IST" name="Test" finished-at="2024-03-19T15:57:51 IST" duration-ms="50191">
      <class name="testcases.Facebook_L1_AutomationTest">
        <test-method is-config="true" signature="initBrowser(java.lang.String,java.lang.String)[pri:0, instance:testcases.Facebook_L1_AutomationTest@7555b920]" started-at="2024-03-19T15:57:01 IST" name="initBrowser" finished-at="2024-03-19T15:57:11 IST" duration-ms="9587" status="PASS">
          <params>
            <param index="0">
              <value>
                <![CDATA[chrome]]>
              </value>
            </param>
            <param index="1">
              <value>
                <![CDATA[dev]]>
              </value>
            </param>
          </params>
          <reporter-output>
          </reporter-output>
        </test-method> <!-- initBrowser -->
        <test-method signature="validateFacebookTitleofLoginPage()[pri:1, instance:testcases.Facebook_L1_AutomationTest@7555b920]" started-at="2024-03-19T15:57:11 IST" name="validateFacebookTitleofLoginPage" description="Navigate to the URL and Validate the fa LogIn Page Title" finished-at="2024-03-19T15:57:11 IST" duration-ms="176" status="PASS">
          <reporter-output>
          </reporter-output>
        </test-method> <!-- validateFacebookTitleofLoginPage -->
        <test-method signature="verifyPresenceOfAllFieldsinTheLoginPage()[pri:2, instance:testcases.Facebook_L1_AutomationTest@7555b920]" started-at="2024-03-19T15:57:11 IST" name="verifyPresenceOfAllFieldsinTheLoginPage" description="verify Presence Of All Fields in The Login Page" finished-at="2024-03-19T15:57:12 IST" duration-ms="846" status="PASS">
          <reporter-output>
          </reporter-output>
        </test-method> <!-- verifyPresenceOfAllFieldsinTheLoginPage -->
        <test-method signature="validateErrorMessageWithoutProvideAnyCredentials()[pri:3, instance:testcases.Facebook_L1_AutomationTest@7555b920]" started-at="2024-03-19T15:57:12 IST" name="validateErrorMessageWithoutProvideAnyCredentials" description="validate the error message, when user does not provide any credentials" finished-at="2024-03-19T15:57:14 IST" duration-ms="2169" status="PASS">
          <reporter-output>
          </reporter-output>
        </test-method> <!-- validateErrorMessageWithoutProvideAnyCredentials -->
        <test-method signature="validateErrorMessageWithoutProvidePassword()[pri:4, instance:testcases.Facebook_L1_AutomationTest@7555b920]" started-at="2024-03-19T15:57:14 IST" name="validateErrorMessageWithoutProvidePassword" description="Enter Email or Phone No in Email or Phone No Text field and click on Login and validate Error Message" finished-at="2024-03-19T15:57:34 IST" duration-ms="19553" status="PASS">
          <reporter-output>
          </reporter-output>
        </test-method> <!-- validateErrorMessageWithoutProvidePassword -->
        <test-method signature="validateErrorMessageWithoutProvideEmailOrPhoneNumber()[pri:5, instance:testcases.Facebook_L1_AutomationTest@7555b920]" started-at="2024-03-19T15:57:34 IST" name="validateErrorMessageWithoutProvideEmailOrPhoneNumber" description="Enter Password in password Text field and click on Login and validate Error Message" finished-at="2024-03-19T15:57:37 IST" duration-ms="3000" status="PASS">
          <reporter-output>
          </reporter-output>
        </test-method> <!-- validateErrorMessageWithoutProvideEmailOrPhoneNumber -->
        <test-method signature="goBackToLogInPageAndValidateCreateNewAccountButtonIsPresentOrNot()[pri:6, instance:testcases.Facebook_L1_AutomationTest@7555b920]" started-at="2024-03-19T15:57:37 IST" name="goBackToLogInPageAndValidateCreateNewAccountButtonIsPresentOrNot" description="Go Back To LogIn Page And Validate CreateNewAccount button Is Present or not" finished-at="2024-03-19T15:57:44 IST" duration-ms="6897" status="PASS">
          <reporter-output>
          </reporter-output>
        </test-method> <!-- goBackToLogInPageAndValidateCreateNewAccountButtonIsPresentOrNot -->
        <test-method signature="click_on_forgetten_account_link_then_validate_Email_adddress_Or_phone_number_field()[pri:7, instance:testcases.Facebook_L1_AutomationTest@7555b920]" started-at="2024-03-19T15:57:44 IST" name="click_on_forgetten_account_link_then_validate_Email_adddress_Or_phone_number_field" description="Click on Create Account Button and Verify nevigate to the signUp page." finished-at="2024-03-19T15:57:47 IST" duration-ms="3391" status="PASS">
          <reporter-output>
          </reporter-output>
        </test-method> <!-- click_on_forgetten_account_link_then_validate_Email_adddress_Or_phone_number_field -->
        <test-method signature="verifyAllFieldsArePresentInTheSignUpPage()[pri:8, instance:testcases.Facebook_L1_AutomationTest@7555b920]" started-at="2024-03-19T15:57:47 IST" name="verifyAllFieldsArePresentInTheSignUpPage" description="verify first name,surname,Mobile Number email address,New password field are present in the signup page." finished-at="2024-03-19T15:57:47 IST" duration-ms="396" status="PASS">
          <reporter-output>
          </reporter-output>
        </test-method> <!-- verifyAllFieldsArePresentInTheSignUpPage -->
        <test-method signature="enterFirstNameInFirstNameTextFieldOfTheSignupPage()[pri:9, instance:testcases.Facebook_L1_AutomationTest@7555b920]" started-at="2024-03-19T15:57:47 IST" name="enterFirstNameInFirstNameTextFieldOfTheSignupPage" description="Enter data in the first name field" finished-at="2024-03-19T15:57:48 IST" duration-ms="233" status="PASS">
          <reporter-output>
          </reporter-output>
        </test-method> <!-- enterFirstNameInFirstNameTextFieldOfTheSignupPage -->
        <test-method signature="enterValueInSignupPage()[pri:10, instance:testcases.Facebook_L1_AutomationTest@7555b920]" started-at="2024-03-19T15:57:48 IST" name="enterValueInSignupPage" description="Enter data (Read the data from Json File)in the surname,Mobile Number email address,New password field." finished-at="2024-03-19T15:57:48 IST" duration-ms="629" status="PASS">
          <reporter-output>
          </reporter-output>
        </test-method> <!-- enterValueInSignupPage -->
        <test-method signature="selectAnyDateFromDateDropdownAndVerifyDateDropdownIsPrsentOrNot()[pri:11, instance:testcases.Facebook_L1_AutomationTest@7555b920]" started-at="2024-03-19T15:57:48 IST" name="selectAnyDateFromDateDropdownAndVerifyDateDropdownIsPrsentOrNot" description="Select any date from date dropdown field and and verify the date dropdown is present or not" finished-at="2024-03-19T15:57:48 IST" duration-ms="261" status="PASS">
          <reporter-output>
          </reporter-output>
        </test-method> <!-- selectAnyDateFromDateDropdownAndVerifyDateDropdownIsPrsentOrNot -->
        <test-method signature="selectAnyMonthFromMonthDropdownAndVerifyMonthDropdownIsPrsentOrNot()[pri:12, instance:testcases.Facebook_L1_AutomationTest@7555b920]" started-at="2024-03-19T15:57:48 IST" name="selectAnyMonthFromMonthDropdownAndVerifyMonthDropdownIsPrsentOrNot" description="Select any Month from month dropdown field and and verify the Month dropdown is present or not" finished-at="2024-03-19T15:57:49 IST" duration-ms="220" status="PASS">
          <reporter-output>
          </reporter-output>
        </test-method> <!-- selectAnyMonthFromMonthDropdownAndVerifyMonthDropdownIsPrsentOrNot -->
        <test-method signature="selectAnyYearFromYearDropdownAndVerifyYearDropdownIsPrsentOrNot()[pri:13, instance:testcases.Facebook_L1_AutomationTest@7555b920]" started-at="2024-03-19T15:57:49 IST" name="selectAnyYearFromYearDropdownAndVerifyYearDropdownIsPrsentOrNot" description="Select any Year from the Year dropdown field and and verify the Year dropdown is present or not" finished-at="2024-03-19T15:57:49 IST" duration-ms="238" status="PASS">
          <reporter-output>
          </reporter-output>
        </test-method> <!-- selectAnyYearFromYearDropdownAndVerifyYearDropdownIsPrsentOrNot -->
        <test-method signature="selectCustomRadioButtonAndVerifyCustomRadioButtonIsPrsentOrNot()[pri:14, instance:testcases.Facebook_L1_AutomationTest@7555b920]" started-at="2024-03-19T15:57:49 IST" name="selectCustomRadioButtonAndVerifyCustomRadioButtonIsPrsentOrNot" description="select &quot;Custom&quot; radio button and validate &quot;Custom&quot; radio button is present or not" finished-at="2024-03-19T15:57:49 IST" duration-ms="200" status="PASS">
          <reporter-output>
          </reporter-output>
        </test-method> <!-- selectCustomRadioButtonAndVerifyCustomRadioButtonIsPrsentOrNot -->
        <test-method signature="selectAnyOptionFromYourPronouDropdownAndVerifyYourPronouDropdownIsPrsentOrNot()[pri:15, instance:testcases.Facebook_L1_AutomationTest@7555b920]" started-at="2024-03-19T15:57:49 IST" name="selectAnyOptionFromYourPronouDropdownAndVerifyYourPronouDropdownIsPrsentOrNot" description="select any option from the &quot;Select your pronoun&quot; dropdown and verify &quot;Select your pronoun&quot; dropdown&quot; is present or not" finished-at="2024-03-19T15:57:49 IST" duration-ms="224" status="PASS">
          <reporter-output>
          </reporter-output>
        </test-method> <!-- selectAnyOptionFromYourPronouDropdownAndVerifyYourPronouDropdownIsPrsentOrNot -->
        <test-method signature="enterValueInGenderOptionalTextFieldAndValidateGenderOptionalTextFieldIsPresentOrNot()[pri:16, instance:testcases.Facebook_L1_AutomationTest@7555b920]" started-at="2024-03-19T15:57:49 IST" name="enterValueInGenderOptionalTextFieldAndValidateGenderOptionalTextFieldIsPresentOrNot" description="Enter Value in &quot;Gender Optional&quot; Textfield and verify &quot;Gender Optional&quot; Textfield is present or not" finished-at="2024-03-19T15:57:50 IST" duration-ms="353" status="PASS">
          <reporter-output>
          </reporter-output>
        </test-method> <!-- enterValueInGenderOptionalTextFieldAndValidateGenderOptionalTextFieldIsPresentOrNot -->
        <test-method signature="selectFemaleRadioButtonAndVerifyFemaleRadioButtonIsPrsentOrNot()[pri:17, instance:testcases.Facebook_L1_AutomationTest@7555b920]" started-at="2024-03-19T15:57:50 IST" name="selectFemaleRadioButtonAndVerifyFemaleRadioButtonIsPrsentOrNot" description="select &quot;Female&quot; radio button and validate &quot;Female&quot; radio button is present or not" finished-at="2024-03-19T15:57:50 IST" duration-ms="178" status="PASS">
          <reporter-output>
          </reporter-output>
        </test-method> <!-- selectFemaleRadioButtonAndVerifyFemaleRadioButtonIsPrsentOrNot -->
        <test-method signature="selectMaleRadioButtonAndVerifyFemaleRadioButtonIsPrsentOrNot()[pri:18, instance:testcases.Facebook_L1_AutomationTest@7555b920]" started-at="2024-03-19T15:57:50 IST" name="selectMaleRadioButtonAndVerifyFemaleRadioButtonIsPrsentOrNot" description="select &quot;Male&quot; radio button and validate &quot;Male&quot; radio button is present or not" finished-at="2024-03-19T15:57:50 IST" duration-ms="193" status="PASS">
          <reporter-output>
          </reporter-output>
        </test-method> <!-- selectMaleRadioButtonAndVerifyFemaleRadioButtonIsPrsentOrNot -->
        <test-method signature="verifyAllprsenceOfFieldAfterCloseTheSignupPage()[pri:19, instance:testcases.Facebook_L1_AutomationTest@7555b920]" started-at="2024-03-19T15:57:50 IST" name="verifyAllprsenceOfFieldAfterCloseTheSignupPage" description="close the &quot;signup&quot; page and verify the All Fields prsense in The Login Page or not" finished-at="2024-03-19T15:57:50 IST" duration-ms="420" status="PASS">
          <reporter-output>
          </reporter-output>
        </test-method> <!-- verifyAllprsenceOfFieldAfterCloseTheSignupPage -->
        <test-method signature="enterValidEmail_PasswordInTextFieldAndVerifyLoginButtonIsPresentOrNot()[pri:20, instance:testcases.Facebook_L1_AutomationTest@7555b920]" started-at="2024-03-19T15:57:50 IST" name="enterValidEmail_PasswordInTextFieldAndVerifyLoginButtonIsPresentOrNot" description="Enter valid email or phone no in  email or phone no text field and enter password in password textfield and validate &quot;login&quot; button is present or not" finished-at="2024-03-19T15:57:51 IST" duration-ms="445" status="PASS">
          <reporter-output>
          </reporter-output>
        </test-method> <!-- enterValidEmail_PasswordInTextFieldAndVerifyLoginButtonIsPresentOrNot -->
        <test-method is-config="true" signature="tearDown()[pri:0, instance:testcases.Facebook_L1_AutomationTest@7555b920]" started-at="2024-03-19T15:57:51 IST" name="tearDown" finished-at="2024-03-19T15:57:51 IST" duration-ms="378" status="PASS">
          <reporter-output>
          </reporter-output>
        </test-method> <!-- tearDown -->
      </class> <!-- testcases.Facebook_L1_AutomationTest -->
    </test> <!-- Test -->
  </suite> <!-- Suite -->
</testng-results>
